0 info it worked if it ends with ok
1 verbose cli [ '/usr/bin/nodejs', '/usr/bin/npm', 'install' ]
2 info using npm@1.3.10
3 info using node@v0.10.25
4 warn package.json backend@1.0.0 No description
5 warn package.json backend@1.0.0 No repository field.
6 warn package.json backend@1.0.0 No README data
7 verbose readDependencies using package.json deps
8 verbose install where, deps [ '/home/livert/Self_learning/devtestApp/backend',
8 verbose install   [ '@types/jquery',
8 verbose install     'body-parser',
8 verbose install     'cookie-parser',
8 verbose install     'ejs',
8 verbose install     'express',
8 verbose install     'jquery',
8 verbose install     'mongodb',
8 verbose install     'mongoose',
8 verbose install     'ng2-cookies' ] ]
9 info preinstall backend@1.0.0
10 verbose readDependencies using package.json deps
11 verbose already installed skipping express@^4.15.3 /home/livert/Self_learning/devtestApp/backend
12 verbose already installed skipping jquery@^3.2.1 /home/livert/Self_learning/devtestApp/backend
13 verbose already installed skipping mongoose@^4.11.5 /home/livert/Self_learning/devtestApp/backend
14 verbose already installed skipping mongodb@^2.2.31 /home/livert/Self_learning/devtestApp/backend
15 verbose already installed skipping ng2-cookies@^1.0.12 /home/livert/Self_learning/devtestApp/backend
16 verbose cache add [ '@types/jquery@^3.2.10', null ]
17 verbose cache add name=undefined spec="@types/jquery@^3.2.10" args=["@types/jquery@^3.2.10",null]
18 verbose parsed url { protocol: null,
18 verbose parsed url   slashes: null,
18 verbose parsed url   auth: null,
18 verbose parsed url   host: null,
18 verbose parsed url   port: null,
18 verbose parsed url   hostname: null,
18 verbose parsed url   hash: null,
18 verbose parsed url   search: null,
18 verbose parsed url   query: null,
18 verbose parsed url   pathname: '@types/jquery@^3.2.10',
18 verbose parsed url   path: '@types/jquery@^3.2.10',
18 verbose parsed url   href: '@types/jquery@^3.2.10' }
19 verbose cache add name="" spec="types/jquery@^3.2.10" args=["","types/jquery@^3.2.10"]
20 verbose parsed url { protocol: null,
20 verbose parsed url   slashes: null,
20 verbose parsed url   auth: null,
20 verbose parsed url   host: null,
20 verbose parsed url   port: null,
20 verbose parsed url   hostname: null,
20 verbose parsed url   hash: null,
20 verbose parsed url   search: null,
20 verbose parsed url   query: null,
20 verbose parsed url   pathname: 'types/jquery@^3.2.10',
20 verbose parsed url   path: 'types/jquery@^3.2.10',
20 verbose parsed url   href: 'types/jquery@^3.2.10' }
21 verbose cache add name="types/jquery" spec="^3.2.10" args=["types/jquery","^3.2.10"]
22 verbose parsed url { protocol: null,
22 verbose parsed url   slashes: null,
22 verbose parsed url   auth: null,
22 verbose parsed url   host: null,
22 verbose parsed url   port: null,
22 verbose parsed url   hostname: null,
22 verbose parsed url   hash: null,
22 verbose parsed url   search: null,
22 verbose parsed url   query: null,
22 verbose parsed url   pathname: '^3.2.10',
22 verbose parsed url   path: '^3.2.10',
22 verbose parsed url   href: '^3.2.10' }
23 verbose addNamed [ 'types/jquery', '^3.2.10' ]
24 verbose addNamed [ null, '>=3.2.10-0 <4.0.0-0' ]
25 verbose already installed skipping body-parser@^1.17.2 /home/livert/Self_learning/devtestApp/backend
26 silly lockFile 36716755-types-jquery-3-2-10 types/jquery@^3.2.10
27 verbose lock types/jquery@^3.2.10 /root/.npm/36716755-types-jquery-3-2-10.lock
28 verbose already installed skipping ejs@^2.5.7 /home/livert/Self_learning/devtestApp/backend
29 verbose already installed skipping cookie-parser@^1.4.3 /home/livert/Self_learning/devtestApp/backend
30 silly addNameRange { name: 'types/jquery',
30 silly addNameRange   range: '>=3.2.10-0 <4.0.0-0',
30 silly addNameRange   hasData: false }
31 verbose url raw types/jquery
32 verbose url resolving [ 'https://registry.npmjs.org/', './types/jquery' ]
33 verbose url resolved https://registry.npmjs.org/types/jquery
34 info trying registry request attempt 1 at 16:16:02
35 http GET https://registry.npmjs.org/types/jquery
36 http 404 https://registry.npmjs.org/types/jquery
37 silly registry.get cb [ 404,
37 silly registry.get   { 'content-type': 'application/json',
37 silly registry.get     'cache-control': 'max-age=0',
37 silly registry.get     'content-length': '2',
37 silly registry.get     'accept-ranges': 'bytes',
37 silly registry.get     date: 'Fri, 22 Sep 2017 23:16:02 GMT',
37 silly registry.get     via: '1.1 varnish',
37 silly registry.get     age: '0',
37 silly registry.get     connection: 'keep-alive',
37 silly registry.get     'x-served-by': 'cache-sjc3134-SJC',
37 silly registry.get     'x-cache': 'MISS',
37 silly registry.get     'x-cache-hits': '0',
37 silly registry.get     'x-timer': 'S1506122162.086962,VS0,VE165',
37 silly registry.get     vary: 'Accept-Encoding' } ]
38 silly addNameRange number 2 { name: 'types/jquery',
38 silly addNameRange   range: '>=3.2.10-0 <4.0.0-0',
38 silly addNameRange   hasData: true }
39 silly addNameRange versions [ undefined, [] ]
40 error TypeError: Cannot read property 'latest' of undefined
40 error     at next (/usr/share/npm/lib/cache.js:687:35)
40 error     at /usr/share/npm/lib/cache.js:675:5
40 error     at saved (/usr/share/npm/node_modules/npm-registry-client/lib/get.js:142:7)
40 error     at /usr/lib/nodejs/graceful-fs/polyfills.js:133:7
40 error     at Object.oncomplete (fs.js:107:15)
41 error If you need help, you may report this log at:
41 error     <http://github.com/isaacs/npm/issues>
41 error or email it to:
41 error     <npm-@googlegroups.com>
42 error System Linux 4.4.0-78-generic
43 error command "/usr/bin/nodejs" "/usr/bin/npm" "install"
44 error cwd /home/livert/Self_learning/devtestApp/backend
45 error node -v v0.10.25
46 error npm -v 1.3.10
47 error type non_object_property_load
48 verbose exit [ 1, true ]
